Changing into directory /mnt/hgfs/www/owp-framework/src
Processing OwpAjax.inc.php [PHP => 189 tokens in 44 lines]... DONE in 21ms (0 fixable violations)
Processing OwpBaseFramework.inc.php [PHP => 1781 tokens in 260 lines]... DONE in 156ms (0 fixable violations)
Processing OwpCms.inc.php [PHP => 2063 tokens in 358 lines]... DONE in 137ms (0 fixable violations)
Processing OwpConfig.inc.php [PHP => 352 tokens in 63 lines]... DONE in 23ms (0 fixable violations)
Processing OwpDefaultMod.inc.php [PHP => 348 tokens in 58 lines]... DONE in 23ms (0 fixable violations)
Processing OwpDkim.inc.php [PHP => 1237 tokens in 218 lines]... DONE in 82ms (0 fixable violations)
Processing OwpException.inc.php [PHP => 794 tokens in 174 lines]... DONE in 52ms (0 fixable violations)
Processing OwpEzSqlMysqli.inc.php [PHP => 546 tokens in 106 lines]... DONE in 41ms (0 fixable violations)
Processing OwpEzSqlMysql.inc.php [PHP => 698 tokens in 130 lines]... DONE in 50ms (0 fixable violations)
Processing OwpFirePHP.inc.php [PHP => 230 tokens in 50 lines]... DONE in 14ms (0 fixable violations)
Processing OwpFramework.inc.php [PHP => 1683 tokens in 305 lines]... DONE in 145ms (0 fixable violations)
Processing OwpMessaging.inc.php [PHP => 1529 tokens in 233 lines]... DONE in 132ms (0 fixable violations)
Processing OwpMod.inc.php [PHP => 920 tokens in 186 lines]... DONE in 54ms (0 fixable violations)
Processing OwpPasswordValidator.inc.php [PHP => 1070 tokens in 168 lines]... DONE in 78ms (0 fixable violations)
Processing OwpSettings.inc.php [PHP => 1562 tokens in 280 lines]... DONE in 114ms (0 fixable violations)
Processing OwpStdObject.inc.php [PHP => 430 tokens in 76 lines]... DONE in 29ms (0 fixable violations)
Processing OwpSupportMethods.inc.php [PHP => 1003 tokens in 176 lines]... DONE in 67ms (0 fixable violations)
Processing OwpUsers.inc.php [PHP => 8878 tokens in 1501 lines]... DONE in 662ms (2 fixable violations)
	=> Fixing file: 2/2 violations remaining                                                                                	=> Fixing file: 2/2 violations remaining [made 1 pass]...                                                                                 	=> Fixing file: 2/2 violations remaining [made 2 passes]...                                                                                 	=> Fixing file: 0/2 violations remaining [made 3 passes]... [32mDONE[0m in 1.34 secs
Patched 1 file
Time: 3.69 secs; Memory: 31Mb

Changing into directory /mnt/hgfs/www/owp-framework/tests
Processing OwpCms_test.php [PHP => 429 tokens in 75 lines]... DONE in 32ms (0 fixable violations)
Processing OwpConfig_test.php [PHP => 187 tokens in 40 lines]... DONE in 11ms (0 fixable violations)
Processing OwpException_test.php [PHP => 178 tokens in 39 lines]... DONE in 9ms (0 fixable violations)
Processing OwpMessaging_test.php [PHP => 531 tokens in 87 lines]... DONE in 33ms (0 fixable violations)
Processing OwpPasswordValidator_test.php [PHP => 434 tokens in 80 lines]... DONE in 25ms (0 fixable violations)
Processing OwpSettings_test.php [PHP => 395 tokens in 67 lines]... DONE in 22ms (0 fixable violations)
Processing OwpUsers_test.php [PHP => 2429 tokens in 356 lines]... DONE in 161ms (0 fixable violations)
No fixable errors were found
Time: 473ms; Memory: 8.75Mb

