Collecting files .. OK
Initializing parser .. OK
Parsing files
Parsing /home/btafoya/www/owp-framework/src/OwpEzSqlMysql.inc.php
Parsing /home/btafoya/www/owp-framework/src/OwpMessaging.inc.php
Parsing /home/btafoya/www/owp-framework/src/OwpDkim.inc.php
Parsing /home/btafoya/www/owp-framework/src/OwpSupportMethods.inc.php
Parsing /home/btafoya/www/owp-framework/src/OwpDBMySQLi.inc.php
Parsing /home/btafoya/www/owp-framework/src/OwpUsers.inc.php
Parsing /home/btafoya/www/owp-framework/src/OwpFramework.inc.php
Parsing /home/btafoya/www/owp-framework/src/OwpBaseFramework.inc.php
Parsing /home/btafoya/www/owp-framework/src/OwpDefaultMod.inc.php
Parsing /home/btafoya/www/owp-framework/src/OwpException.inc.php
Parsing /home/btafoya/www/owp-framework/src/OwpPasswordValidator.inc.php
Parsing /home/btafoya/www/owp-framework/src/OwpPostmark.inc.php
Parsing /home/btafoya/www/owp-framework/src/OwpMod.inc.php
Parsing /home/btafoya/www/owp-framework/src/OwpConfig.inc.php
Parsing /home/btafoya/www/owp-framework/src/OwpAjax.inc.php
Parsing /home/btafoya/www/owp-framework/src/OwpSettings.inc.php
Parsing /home/btafoya/www/owp-framework/src/OwpCms.inc.php
Parsing /home/btafoya/www/owp-framework/src/OwpStdObject.inc.php
Storing cache in "/home/btafoya/www/owp-framework/docs" .. OK
Load cache                                                         ..    0.053s
Preparing template "responsive"                                    ..    0.011s
Preparing 13 transformations                                       ..    0.000s
Build "elements" index                                             ..    0.001s
Replace textual FQCNs with object aliases                          ..    0.021s
Resolve @link and @see tags in descriptions                        ..    0.002s
Enriches inline example tags with their sources                    ..    0.001s
Build "packages" index                                             ..    0.002s
Build "namespaces" index and add namespaces to "elements"          ..    0.000s
Collect all markers embedded in tags                               ..    0.001s
Transform analyzed project into artifacts                          .. 
Applying 13 transformations
  Initialize writer "phpDocumentor\Plugin\Core\Transformer\Writer\FileIo"
  Initialize writer "phpDocumentor\Plugin\Core\Transformer\Writer\Xml"
  Initialize writer "phpDocumentor\Plugin\Core\Transformer\Writer\Xsl"
  Initialize writer "phpDocumentor\Plugin\Graphs\Writer\Graph"
  Execute transformation using writer "FileIo"
  Execute transformation using writer "FileIo"
  Execute transformation using writer "FileIo"
  Execute transformation using writer "xml"
  Execute transformation using writer "xsl"
  Execute transformation using writer "xsl"
  Execute transformation using writer "xsl"
  Execute transformation using writer "xsl"
  Execute transformation using writer "xsl"
  Execute transformation using writer "xsl"
  Execute transformation using writer "xsl"
  Execute transformation using writer "xsl"
  Execute transformation using writer "Graph"
Unable to find the `dot` command of the GraphViz package. Is GraphViz correctly installed and present in your path?   0.407s
Analyze results and write report to log                            ..    0.001s
